Build started 4.3.2018 г. 13:36:08.
     1>Project "C:\Users\Toshiba\Desktop\Tasks\Tasks\Tasks.vcxproj" on node 2 (Build target(s)).
     1>ClCompile:
         C:\Program Files (x86)\Microsoft Visual Studio 12.0\VC\bin\CL.exe /c /ZI /nologo /W3 /WX- /sdl /Od /Oy- /D WIN32 /D _DEBUG /D _CONSOLE /D _LIB /D _UNICODE /D UNICODE /Gm /EHsc /RTC1 /MDd /GS /fp:precise /Zc:wchar_t /Zc:forScope /Fo"Debug\\" /Fd"Debug\vc120.pdb" /Gd /TP /analyze- /errorReport:prompt CheckSubstring.cpp
         CheckSubstring.cpp
     1>c:\users\toshiba\desktop\tasks\tasks\checksubstring.cpp(25): warning C4018: '<' : signed/unsigned mismatch
     1>c:\users\toshiba\desktop\tasks\tasks\checksubstring.cpp(30): warning C4018: '<' : signed/unsigned mismatch
       Link:
         C:\Program Files (x86)\Microsoft Visual Studio 12.0\VC\bin\link.exe /ERRORREPORT:PROMPT /OUT:"C:\Users\Toshiba\Desktop\Tasks\Debug\Tasks.exe" /INCREMENTAL /NOLOGO kernel32.lib user32.lib gdi32.lib winspool.lib comdlg32.lib advapi32.lib shell32.lib ole32.lib oleaut32.lib uuid.lib odbc32.lib odbccp32.lib /MANIFEST /MANIFESTUAC:"level='asInvoker' uiAccess='false'" /manifest:embed /DEBUG /PDB:"C:\Users\Toshiba\Desktop\Tasks\Debug\Tasks.pdb" /SUBSYSTEM:CONSOLE /TLBID:1 /DYNAMICBASE /NXCOMPAT /IMPLIB:"C:\Users\Toshiba\Desktop\Tasks\Debug\Tasks.lib" /MACHINE:X86 Debug\Array.obj
         Debug\CheckSubstring.obj
         Debug\DeleteTwoDimensionalArray.obj
         Debug\ImplementationStringFunctions.obj
         Debug\Matrix.obj
         Debug\ReverseNumber.obj
         Debug\SwapPointers.obj
         Debug\SwapValues.obj
         Debug\TwoDimensionalArray.obj
         Tasks.vcxproj -> C:\Users\Toshiba\Desktop\Tasks\Debug\Tasks.exe
     1>Done Building Project "C:\Users\Toshiba\Desktop\Tasks\Tasks\Tasks.vcxproj" (Build target(s)).

Build succeeded.

Time Elapsed 00:00:02.06
